2020-06-16 22:03:37,873 [INFO] Activator:176 - 


2020-06-16 22:03:37,877 [INFO] Activator:177 - !SESSION log4j initialized
2020-06-16 22:04:06,855 [INFO] ApplicationProperties:181 - Using Application install path: E:\STM32CubeIDE\STM32CubeIDE_1.1.0\STM32CubeIDE\plugins\com.st.stm32cube.common.mx_5.4.0.201910091541
2020-06-16 22:04:06,893 [INFO] DbMcusXml:68 - Set database path to: E:\STM32CubeIDE\STM32CubeIDE_1.1.0\STM32CubeIDE\plugins\com.st.stm32cube.common.mx_5.4.0.201910091541\\db\/mcu/
2020-06-16 22:04:06,912 [INFO] DbBoardsPdsc:54 - Set plugin database path to: E:\STM32CubeIDE\STM32CubeIDE_1.1.0\STM32CubeIDE\plugins\com.st.stm32cube.common.mx_5.4.0.201910091541\\db\/plugins/boardmanager/
2020-06-16 22:04:06,914 [INFO] DbMcus:265 - Set plugin images path to: E:\STM32CubeIDE\STM32CubeIDE_1.1.0\STM32CubeIDE\plugins\com.st.stm32cube.common.mx_5.4.0.201910091541\\db\/plugins/mcufinder/images/
2020-06-16 22:04:06,916 [INFO] DbBoards:232 - Set plugin images path to: E:\STM32CubeIDE\STM32CubeIDE_1.1.0\STM32CubeIDE\plugins\com.st.stm32cube.common.mx_5.4.0.201910091541\\db\/plugins/mcufinder/images/
2020-06-16 22:04:06,921 [INFO] APIGFXSelector:72 - Set database path to: E:\STM32CubeIDE\STM32CubeIDE_1.1.0\STM32CubeIDE\plugins\com.st.stm32cube.common.mx_5.4.0.201910091541\\db\/plugins/mcufinder/mcu/
2020-06-16 22:04:06,944 [INFO] DbMcusAds:72 - Set database path to: C:\Users\Daniel\.stmcufinder\plugins\mcufinder//mcu/
2020-06-16 22:04:06,946 [INFO] DbMcusDocs:92 - Set database path to: C:\Users\Daniel\.stmcufinder\plugins\mcufinder//mcu/
2020-06-16 22:04:06,951 [INFO] DbMcusJson:59 - Set database path to: C:\Users\Daniel\.stmcufinder\plugins\mcufinder//mcu/
2020-06-16 22:04:06,954 [INFO] DbBoardsDocs:84 - Set database path to: C:\Users\Daniel\.stmcufinder\plugins\mcufinder//mcu/
2020-06-16 22:04:06,957 [INFO] DbBoardsJson:51 - Set database path to: C:\Users\Daniel\.stmcufinder\plugins\mcufinder//mcu/
2020-06-16 22:04:07,145 [INFO] CrossReferenceDbSqlite:197 - Set database path to: C:\Users\Daniel\.stmcufinder\plugins\mcufinder//mcu/cs/
2020-06-16 22:04:07,541 [INFO] RulesReader:52 - Compatibility file has been processed (179 Rules)
2020-06-16 22:04:07,830 [INFO] MicroXplorer:570 - Detected Java Version = 1.8.0_202
2020-06-16 22:04:07,831 [INFO] DbMcusXml:68 - Set database path to: E:\STM32CubeIDE\STM32CubeIDE_1.1.0\STM32CubeIDE\plugins\com.st.stm32cube.common.mx_5.4.0.201910091541\\db\/mcu/
2020-06-16 22:04:07,832 [INFO] DbBoardsPdsc:54 - Set plugin database path to: E:\STM32CubeIDE\STM32CubeIDE_1.1.0\STM32CubeIDE\plugins\com.st.stm32cube.common.mx_5.4.0.201910091541\\db\/plugins/boardmanager/
2020-06-16 22:04:07,835 [INFO] DbMcus:265 - Set plugin images path to: E:\STM32CubeIDE\STM32CubeIDE_1.1.0\STM32CubeIDE\plugins\com.st.stm32cube.common.mx_5.4.0.201910091541\\db\/plugins/mcufinder/images/
2020-06-16 22:04:07,836 [INFO] DbBoards:232 - Set plugin images path to: E:\STM32CubeIDE\STM32CubeIDE_1.1.0\STM32CubeIDE\plugins\com.st.stm32cube.common.mx_5.4.0.201910091541\\db\/plugins/mcufinder/images/
2020-06-16 22:04:07,838 [INFO] APIGFXSelector:72 - Set database path to: E:\STM32CubeIDE\STM32CubeIDE_1.1.0\STM32CubeIDE\plugins\com.st.stm32cube.common.mx_5.4.0.201910091541\\db\/plugins/mcufinder/mcu/
2020-06-16 22:04:07,838 [WARN] DbFile:31 - Overriding database path with different value: C:\Users\Daniel\.stmcufinder\plugins\mcufinder/ => C:\Users\Daniel\.stmcufinder\plugins\mcufinder
2020-06-16 22:04:07,840 [INFO] DbMcusAds:72 - Set database path to: C:\Users\Daniel\.stmcufinder\plugins\mcufinder//mcu/
2020-06-16 22:04:07,841 [WARN] DbFile:31 - Overriding database path with different value: C:\Users\Daniel\.stmcufinder\plugins\mcufinder/ => C:\Users\Daniel\.stmcufinder\plugins\mcufinder
2020-06-16 22:04:07,842 [INFO] DbMcusDocs:92 - Set database path to: C:\Users\Daniel\.stmcufinder\plugins\mcufinder//mcu/
2020-06-16 22:04:07,844 [WARN] DbFile:31 - Overriding database path with different value: C:\Users\Daniel\.stmcufinder\plugins\mcufinder/ => C:\Users\Daniel\.stmcufinder\plugins\mcufinder
2020-06-16 22:04:07,845 [INFO] DbMcusJson:59 - Set database path to: C:\Users\Daniel\.stmcufinder\plugins\mcufinder//mcu/
2020-06-16 22:04:07,846 [WARN] DbFile:31 - Overriding database path with different value: C:\Users\Daniel\.stmcufinder\plugins\mcufinder/ => C:\Users\Daniel\.stmcufinder\plugins\mcufinder
2020-06-16 22:04:07,848 [INFO] DbBoardsDocs:84 - Set database path to: C:\Users\Daniel\.stmcufinder\plugins\mcufinder//mcu/
2020-06-16 22:04:07,849 [WARN] DbFile:31 - Overriding database path with different value: C:\Users\Daniel\.stmcufinder\plugins\mcufinder/ => C:\Users\Daniel\.stmcufinder\plugins\mcufinder
2020-06-16 22:04:07,850 [INFO] DbBoardsJson:51 - Set database path to: C:\Users\Daniel\.stmcufinder\plugins\mcufinder//mcu/
2020-06-16 22:04:07,852 [WARN] DbFile:31 - Overriding database path with different value: C:\Users\Daniel\.stmcufinder\plugins\mcufinder/ => C:\Users\Daniel\.stmcufinder\plugins\mcufinder
2020-06-16 22:04:07,853 [WARN] DbFile:31 - Overriding database path with different value: C:\Users\Daniel\.stmcufinder\plugins\mcufinder/ => C:\Users\Daniel\.stmcufinder\plugins\mcufinder
2020-06-16 22:04:07,854 [INFO] CrossReferenceDbSqlite:197 - Set database path to: C:\Users\Daniel\.stmcufinder\plugins\mcufinder//mcu/cs/
2020-06-16 22:04:08,107 [INFO] MainPanel:185 - HeapMemory: 268435456
2020-06-16 22:04:08,372 [INFO] DbMcusXml:68 - Set database path to: E:\STM32CubeIDE\STM32CubeIDE_1.1.0\STM32CubeIDE\plugins\com.st.stm32cube.common.mx_5.4.0.201910091541\\db\/mcu/
2020-06-16 22:04:08,373 [INFO] DbBoardsPdsc:54 - Set plugin database path to: E:\STM32CubeIDE\STM32CubeIDE_1.1.0\STM32CubeIDE\plugins\com.st.stm32cube.common.mx_5.4.0.201910091541\\db\/plugins/boardmanager/
2020-06-16 22:04:08,374 [INFO] DbMcus:265 - Set plugin images path to: E:\STM32CubeIDE\STM32CubeIDE_1.1.0\STM32CubeIDE\plugins\com.st.stm32cube.common.mx_5.4.0.201910091541\\db\/plugins/mcufinder/images/
2020-06-16 22:04:08,374 [INFO] DbBoards:232 - Set plugin images path to: E:\STM32CubeIDE\STM32CubeIDE_1.1.0\STM32CubeIDE\plugins\com.st.stm32cube.common.mx_5.4.0.201910091541\\db\/plugins/mcufinder/images/
2020-06-16 22:04:08,375 [INFO] APIGFXSelector:72 - Set database path to: E:\STM32CubeIDE\STM32CubeIDE_1.1.0\STM32CubeIDE\plugins\com.st.stm32cube.common.mx_5.4.0.201910091541\\db\/plugins/mcufinder/mcu/
2020-06-16 22:04:08,377 [WARN] DbFile:31 - Overriding database path with different value: C:\Users\Daniel\.stmcufinder\plugins\mcufinder/ => C:\Users\Daniel\.stmcufinder\plugins\mcufinder
2020-06-16 22:04:08,377 [INFO] DbMcusAds:72 - Set database path to: C:\Users\Daniel\.stmcufinder\plugins\mcufinder//mcu/
2020-06-16 22:04:08,378 [WARN] DbFile:31 - Overriding database path with different value: C:\Users\Daniel\.stmcufinder\plugins\mcufinder/ => C:\Users\Daniel\.stmcufinder\plugins\mcufinder
2020-06-16 22:04:08,379 [INFO] DbMcusDocs:92 - Set database path to: C:\Users\Daniel\.stmcufinder\plugins\mcufinder//mcu/
2020-06-16 22:04:08,380 [WARN] DbFile:31 - Overriding database path with different value: C:\Users\Daniel\.stmcufinder\plugins\mcufinder/ => C:\Users\Daniel\.stmcufinder\plugins\mcufinder
2020-06-16 22:04:08,380 [INFO] DbMcusJson:59 - Set database path to: C:\Users\Daniel\.stmcufinder\plugins\mcufinder//mcu/
2020-06-16 22:04:08,381 [WARN] DbFile:31 - Overriding database path with different value: C:\Users\Daniel\.stmcufinder\plugins\mcufinder/ => C:\Users\Daniel\.stmcufinder\plugins\mcufinder
2020-06-16 22:04:08,382 [INFO] DbBoardsDocs:84 - Set database path to: C:\Users\Daniel\.stmcufinder\plugins\mcufinder//mcu/
2020-06-16 22:04:08,382 [WARN] DbFile:31 - Overriding database path with different value: C:\Users\Daniel\.stmcufinder\plugins\mcufinder/ => C:\Users\Daniel\.stmcufinder\plugins\mcufinder
2020-06-16 22:04:08,383 [INFO] DbBoardsJson:51 - Set database path to: C:\Users\Daniel\.stmcufinder\plugins\mcufinder//mcu/
2020-06-16 22:04:08,384 [WARN] DbFile:31 - Overriding database path with different value: C:\Users\Daniel\.stmcufinder\plugins\mcufinder/ => C:\Users\Daniel\.stmcufinder\plugins\mcufinder
2020-06-16 22:04:08,385 [WARN] DbFile:31 - Overriding database path with different value: C:\Users\Daniel\.stmcufinder\plugins\mcufinder/ => C:\Users\Daniel\.stmcufinder\plugins\mcufinder
2020-06-16 22:04:08,386 [INFO] CrossReferenceDbSqlite:197 - Set database path to: C:\Users\Daniel\.stmcufinder\plugins\mcufinder//mcu/cs/
2020-06-16 22:04:08,434 [INFO] ApplicationProperties:181 - Using Application install path: E:\STM32CubeIDE\STM32CubeIDE_1.1.0\STM32CubeIDE\plugins\com.st.stm32cube.common.mx_5.4.0.201910091541
2020-06-16 22:04:08,440 [INFO] PluginManage:178 - Search for loadable plugins [exclusion list=]
2020-06-16 22:04:08,444 [INFO] PluginManage:292 - Check plugin analytics
2020-06-16 22:04:08,469 [INFO] PluginManage:342 - Loaded plugin analytics (category:tool,tabindex:-1)
2020-06-16 22:04:08,470 [INFO] PluginManage:292 - Check plugin clock
2020-06-16 22:04:08,506 [INFO] PluginManage:342 - Loaded plugin clock (category:base,tabindex:2)
2020-06-16 22:04:08,506 [INFO] PluginManage:292 - Check plugin ddr
2020-06-16 22:04:08,514 [INFO] PluginManage:342 - Loaded plugin ddr (category:tool,tabindex:6)
2020-06-16 22:04:08,515 [INFO] PluginManage:292 - Check plugin filemanager
2020-06-16 22:04:09,092 [INFO] PluginManage:342 - Loaded plugin filemanager (category:base,tabindex:10)
2020-06-16 22:04:09,093 [INFO] PluginManage:292 - Check plugin ipmanager
2020-06-16 22:04:09,119 [INFO] PluginManage:342 - Loaded plugin ipmanager (category:base,tabindex:5)
2020-06-16 22:04:09,120 [INFO] PluginManage:292 - Check plugin pinoutandconfiguration
2020-06-16 22:04:09,183 [INFO] PluginManage:342 - Loaded plugin pinoutandconfiguration (category:base,tabindex:1)
2020-06-16 22:04:09,184 [INFO] PluginManage:292 - Check plugin pinoutconfig
2020-06-16 22:04:09,308 [INFO] PluginManage:342 - Loaded plugin pinoutconfig (category:base,tabindex:0)
2020-06-16 22:04:09,309 [INFO] PluginManage:292 - Check plugin power
2020-06-16 22:04:09,359 [INFO] PluginManage:342 - Loaded plugin power (category:power,tabindex:4)
2020-06-16 22:04:09,360 [INFO] PluginManage:292 - Check plugin projectmanager
2020-06-16 22:04:09,527 [INFO] PluginManage:342 - Loaded plugin projectmanager (category:projectmanager,tabindex:3)
2020-06-16 22:04:09,529 [INFO] PluginManage:292 - Check plugin thirdparty
2020-06-16 22:04:09,800 [INFO] ThirdPartyDb:294 - Open Third Party DataBase File (C:/Users/Daniel/.stm32cubemx/plugins/thirdparty/db/thirdparties_db.xml) : 94 ms. number of Sw pack : 15
2020-06-16 22:04:09,905 [INFO] PluginManage:342 - Loaded plugin thirdparty (category:base,tabindex:-1)
2020-06-16 22:04:09,905 [INFO] PluginManage:292 - Check plugin tools
2020-06-16 22:04:09,915 [INFO] PluginManage:342 - Loaded plugin tools (category:base,tabindex:7)
2020-06-16 22:04:09,915 [INFO] PluginManage:292 - Check plugin updater
2020-06-16 22:04:09,952 [INFO] PluginManage:342 - Loaded plugin updater (category:base,tabindex:12)
2020-06-16 22:04:09,954 [INFO] PluginManage:265 - PluginManage : Loaded plugins [12]
2020-06-16 22:04:10,338 [INFO] PinOutPanel:1367 - setPackage(No Configuration,No Configuration)
2020-06-16 22:04:10,568 [INFO] IPUIPlugin:63 - create IPUIPlugin
2020-06-16 22:04:10,569 [INFO] PluginManager:200 - loadIPPluginJar : add adc
2020-06-16 22:04:10,576 [INFO] IPUIPlugin:63 - create IPUIPlugin
2020-06-16 22:04:10,577 [INFO] PluginManager:200 - loadIPPluginJar : add aes
2020-06-16 22:04:10,585 [INFO] IPUIPlugin:63 - create IPUIPlugin
2020-06-16 22:04:10,585 [INFO] PluginManager:200 - loadIPPluginJar : add can
2020-06-16 22:04:10,591 [INFO] IPUIPlugin:63 - create IPUIPlugin
2020-06-16 22:04:10,592 [INFO] PluginManager:200 - loadIPPluginJar : add comp
2020-06-16 22:04:10,599 [INFO] IPUIPlugin:63 - create IPUIPlugin
2020-06-16 22:04:10,600 [INFO] PluginManager:200 - loadIPPluginJar : add cryp
2020-06-16 22:04:10,607 [INFO] IPUIPlugin:63 - create IPUIPlugin
2020-06-16 22:04:10,608 [INFO] PluginManager:200 - loadIPPluginJar : add dfsdm
2020-06-16 22:04:10,620 [INFO] IPUIPlugin:63 - create IPUIPlugin
2020-06-16 22:04:10,622 [INFO] PluginManager:200 - loadIPPluginJar : add dma
2020-06-16 22:04:10,627 [INFO] IPUIPlugin:63 - create IPUIPlugin
2020-06-16 22:04:10,628 [INFO] PluginManager:200 - loadIPPluginJar : add fatfs
2020-06-16 22:04:10,639 [INFO] IPUIPlugin:63 - create IPUIPlugin
2020-06-16 22:04:10,640 [INFO] PluginManager:200 - loadIPPluginJar : add fmc
2020-06-16 22:04:10,654 [INFO] IPUIPlugin:63 - create IPUIPlugin
2020-06-16 22:04:10,656 [INFO] PluginManager:200 - loadIPPluginJar : add freertos
2020-06-16 22:04:10,673 [INFO] IPUIPlugin:63 - create IPUIPlugin
2020-06-16 22:04:10,674 [INFO] PluginManager:200 - loadIPPluginJar : add genericplugin
2020-06-16 22:04:10,681 [INFO] IPUIPlugin:63 - create IPUIPlugin
2020-06-16 22:04:10,681 [INFO] PluginManager:200 - loadIPPluginJar : add gfxmmu
2020-06-16 22:04:10,691 [INFO] IPUIPlugin:63 - create IPUIPlugin
2020-06-16 22:04:10,692 [INFO] PluginManager:200 - loadIPPluginJar : add gfxsimulator
2020-06-16 22:04:10,705 [INFO] IPUIPlugin:63 - create IPUIPlugin
2020-06-16 22:04:10,706 [INFO] PluginManager:200 - loadIPPluginJar : add gic
2020-06-16 22:04:10,718 [INFO] IPUIPlugin:63 - create IPUIPlugin
2020-06-16 22:04:10,719 [INFO] PluginManager:200 - loadIPPluginJar : add gpio
2020-06-16 22:04:10,727 [INFO] IPUIPlugin:63 - create IPUIPlugin
2020-06-16 22:04:10,728 [INFO] PluginManager:200 - loadIPPluginJar : add gtzc
2020-06-16 22:04:10,736 [INFO] IPUIPlugin:63 - create IPUIPlugin
2020-06-16 22:04:10,737 [INFO] PluginManager:200 - loadIPPluginJar : add hash
2020-06-16 22:04:10,745 [INFO] IPUIPlugin:63 - create IPUIPlugin
2020-06-16 22:04:10,746 [INFO] PluginManager:200 - loadIPPluginJar : add i2c
2020-06-16 22:04:10,756 [INFO] IPUIPlugin:63 - create IPUIPlugin
2020-06-16 22:04:10,757 [INFO] PluginManager:200 - loadIPPluginJar : add i2s
2020-06-16 22:04:10,768 [INFO] IPUIPlugin:63 - create IPUIPlugin
2020-06-16 22:04:10,769 [INFO] PluginManager:200 - loadIPPluginJar : add ipddr
2020-06-16 22:04:10,776 [INFO] IPUIPlugin:63 - create IPUIPlugin
2020-06-16 22:04:10,776 [INFO] PluginManager:200 - loadIPPluginJar : add ltdc
2020-06-16 22:04:10,787 [INFO] IPUIPlugin:63 - create IPUIPlugin
2020-06-16 22:04:10,788 [INFO] PluginManager:200 - loadIPPluginJar : add mdma
2020-06-16 22:04:10,798 [INFO] IPUIPlugin:63 - create IPUIPlugin
2020-06-16 22:04:10,798 [INFO] PluginManager:200 - loadIPPluginJar : add nvic
2020-06-16 22:04:10,806 [INFO] IPUIPlugin:63 - create IPUIPlugin
2020-06-16 22:04:10,807 [INFO] PluginManager:200 - loadIPPluginJar : add opamp
2020-06-16 22:04:10,816 [INFO] IPUIPlugin:63 - create IPUIPlugin
2020-06-16 22:04:10,816 [INFO] PluginManager:200 - loadIPPluginJar : add pdm2pcm
2020-06-16 22:04:10,832 [INFO] IPUIPlugin:63 - create IPUIPlugin
2020-06-16 22:04:10,838 [INFO] PluginManager:200 - loadIPPluginJar : add plateformsettings
2020-06-16 22:04:10,844 [INFO] IPUIPlugin:63 - create IPUIPlugin
2020-06-16 22:04:10,845 [INFO] PluginManager:200 - loadIPPluginJar : add quadspi
2020-06-16 22:04:10,854 [INFO] IPUIPlugin:63 - create IPUIPlugin
2020-06-16 22:04:10,855 [INFO] PluginManager:200 - loadIPPluginJar : add resmgrutility
2020-06-16 22:04:10,864 [INFO] IPUIPlugin:63 - create IPUIPlugin
2020-06-16 22:04:10,864 [INFO] PluginManager:200 - loadIPPluginJar : add sai
2020-06-16 22:04:10,872 [INFO] IPUIPlugin:63 - create IPUIPlugin
2020-06-16 22:04:10,873 [INFO] PluginManager:200 - loadIPPluginJar : add spi
2020-06-16 22:04:10,881 [INFO] IPUIPlugin:63 - create IPUIPlugin
2020-06-16 22:04:10,881 [INFO] PluginManager:200 - loadIPPluginJar : add stm32_wpan
2020-06-16 22:04:10,888 [INFO] IPUIPlugin:63 - create IPUIPlugin
2020-06-16 22:04:10,888 [INFO] PluginManager:200 - loadIPPluginJar : add tim
2020-06-16 22:04:10,898 [INFO] IPUIPlugin:63 - create IPUIPlugin
2020-06-16 22:04:10,898 [INFO] PluginManager:200 - loadIPPluginJar : add touchsensing
2020-06-16 22:04:10,905 [INFO] IPUIPlugin:63 - create IPUIPlugin
2020-06-16 22:04:10,906 [INFO] PluginManager:200 - loadIPPluginJar : add tracer_emb
2020-06-16 22:04:10,912 [INFO] IPUIPlugin:63 - create IPUIPlugin
2020-06-16 22:04:10,913 [INFO] PluginManager:200 - loadIPPluginJar : add ts
2020-06-16 22:04:10,919 [INFO] IPUIPlugin:63 - create IPUIPlugin
2020-06-16 22:04:10,920 [INFO] PluginManager:200 - loadIPPluginJar : add tsc
2020-06-16 22:04:10,927 [INFO] IPUIPlugin:63 - create IPUIPlugin
2020-06-16 22:04:10,928 [INFO] PluginManager:200 - loadIPPluginJar : add ucpd
2020-06-16 22:04:10,936 [INFO] IPUIPlugin:63 - create IPUIPlugin
2020-06-16 22:04:10,936 [INFO] PluginManager:200 - loadIPPluginJar : add usart
2020-06-16 22:04:11,615 [INFO] BoardConnectionPanel:220 - [DDR PANEL] osNameString: Windows
2020-06-16 22:04:11,837 [INFO] BoardConnectionPanel:3149 - [DDR PANEL] STM32CubeIDE environment
2020-06-16 22:04:11,839 [INFO] MainDdrPanel:100 - [DDR PANEL] GETTER - cubeProgrammerPath is: null
2020-06-16 22:04:12,133 [FATAL] Updater:277 - Updater called before beeing initialized
2020-06-16 22:04:12,512 [FATAL] Updater:277 - Updater called before beeing initialized
2020-06-16 22:04:12,528 [INFO] PinOutPanel:1367 - setPackage(No Configuration,No Configuration)
2020-06-16 22:04:12,529 [FATAL] Updater:277 - Updater called before beeing initialized
2020-06-16 22:04:12,535 [INFO] BoardConnectionPanel:3149 - [DDR PANEL] STM32CubeIDE environment
2020-06-16 22:04:12,536 [INFO] MainDdrPanel:100 - [DDR PANEL] GETTER - cubeProgrammerPath is: E:\STM32CubeIDE\STM32CubeIDE_1.1.0\STM32CubeIDE\plugins\com.st.stm32cube.ide.mcu.externaltools.cubeprogrammer.win32_1.1.0.201910081157\tools\bin
2020-06-16 22:04:12,551 [INFO] ProgrammerExecThread:148 - [ProgrammerAPI] CubeProgrammer command construction: E:\STM32CubeIDE\STM32CubeIDE_1.1.0\STM32CubeIDE\plugins\com.st.stm32cube.ide.mcu.externaltools.cubeprogrammer.win32_1.1.0.201910081157\tools\bin\STM32_Programmer_CLI.exe -l
2020-06-16 22:04:12,935 [FATAL] Updater:277 - Updater called before beeing initialized
2020-06-16 22:04:12,935 [ERROR] IntegrityCheckThread:230 - Cannot obtain thirdParties list 21
2020-06-16 22:04:12,935 [ERROR] IntegrityCheckThread:99 - Unexpected exception IntegrityCheckThread Thread: Updater error
2020-06-16 22:04:12,936 [INFO] ThirdPartyDb:264 - Close Third Party DataBase File (C:/Users/Daniel/.stm32cubemx/plugins/thirdparty/db/thirdparties_db.xml)
2020-06-16 22:04:13,153 [INFO] MainDdrPanel:90 - [DDR PANEL] SETTER - Set cubeProgrammerPath to: E:\STM32CubeIDE\STM32CubeIDE_1.1.0\STM32CubeIDE\plugins\com.st.stm32cube.ide.mcu.externaltools.cubeprogrammer.win32_1.1.0.201910081157\tools\bin
2020-06-16 22:04:13,181 [INFO] Updater:886 - Updater Version found : 5.4.0
2020-06-16 22:04:13,231 [INFO] ApplicationProperties:181 - Using Application install path: E:\STM32CubeIDE\STM32CubeIDE_1.1.0\STM32CubeIDE\plugins\com.st.stm32cube.common.mx_5.4.0.201910091541
2020-06-16 22:04:13,655 [INFO] MainUpdater:2232 - connection check result : 10
2020-06-16 22:04:13,656 [INFO] MainUpdater:2859 - Updater definition file requires update
2020-06-16 22:04:13,657 [INFO] MainUpdater:236 - Updater Check For Update Now.
2020-06-16 22:04:13,659 [INFO] MicroXplorer:420 - Change Database Version : DB.5.0.40
2020-06-16 22:04:13,703 [INFO] ServerAccessManage:348 - Download File updaters.zip
2020-06-16 22:04:14,187 [INFO] FileExtend:210 - Unzip File : updaters.zip
2020-06-16 22:04:14,188 [INFO] FileExtend:225 - Standard Zip Deflate
2020-06-16 22:04:14,923 [INFO] ServerAccessManage:348 - Download File PacksControlFlags.xml
2020-06-16 22:04:15,003 [INFO] ServerAccessManage:348 - Download File cubemx.pidx
2020-06-16 22:04:15,434 [INFO] ServerAccessManage:348 - Download File STMicroelectronics.X-CUBE-AI.pdsc
2020-06-16 22:04:16,119 [INFO] ServerAccessManage:348 - Download File STMicroelectronics.X-CUBE-MEMS1.pdsc
2020-06-16 22:04:16,717 [INFO] LoadServerUpdatesThread:287 - End of LoadServerUpdate Thread
2020-06-16 22:04:16,757 [INFO] ThirdPartyDb:294 - Open Third Party DataBase File (C:/Users/Daniel/.stm32cubemx/plugins/thirdparty/db/thirdparties_db.xml) : 22 ms. number of Sw pack : 15
2020-06-16 22:04:16,858 [INFO] CheckServerUpdateThread:92 - End of CheckServer Thread
2020-06-16 22:04:16,890 [INFO] MainUpdater:2232 - connection check result : 10
2020-06-16 22:04:16,892 [INFO] LogOutputStream:76 - [STDOUT_REDIRECT] Successfull proxy connection.
2020-06-16 22:04:16,998 [INFO] MxPackages:594 - 
2020-06-16 22:04:17,000 [INFO] MxPackages:594 - 
2020-06-16 22:04:17,001 [INFO] MxPackages:628 - 
2020-06-16 22:04:17,001 [INFO] MxPackages:594 - 
2020-06-16 22:04:17,001 [INFO] MxPackages:594 - 
2020-06-16 22:04:17,001 [INFO] MxPackages:628 - 
2020-06-16 22:04:17,001 [INFO] MxPackages:594 - 
2020-06-16 22:04:17,002 [INFO] MxPackages:594 - 
2020-06-16 22:04:17,002 [INFO] MxPackages:628 - 
2020-06-16 22:04:17,002 [INFO] MxPackages:628 - 
2020-06-16 22:04:17,002 [INFO] MxPackages:628 - 
2020-06-16 22:04:17,003 [INFO] MxPackages:628 - 
2020-06-16 22:04:17,003 [INFO] MxPackages:628 - 
2020-06-16 22:04:17,003 [INFO] MxPackages:628 - 
2020-06-16 22:04:17,003 [INFO] MxPackages:628 - 
2020-06-16 22:04:17,004 [INFO] MxPackages:628 - 
2020-06-16 22:04:17,004 [INFO] MxPackages:628 - 
2020-06-16 22:04:17,005 [INFO] MxPackages:628 - 
2020-06-16 22:04:17,005 [INFO] MxPackages:628 - 
2020-06-16 22:04:17,006 [INFO] MxPackages:628 - 
2020-06-16 22:04:17,006 [INFO] MxPackages:628 - 
2020-06-16 22:04:17,006 [INFO] MxPackages:628 - 
2020-06-16 22:04:17,006 [INFO] MxPackages:628 - 
2020-06-16 22:04:17,007 [INFO] MxPackages:628 - 
2020-06-16 22:04:17,007 [INFO] MxPackages:628 - 
2020-06-16 22:04:17,007 [INFO] MxPackages:628 - 
2020-06-16 22:04:17,007 [INFO] MxPackages:628 - 
2020-06-16 22:04:17,008 [INFO] MxPackages:594 - 
2020-06-16 22:04:17,008 [INFO] MxPackages:594 - 
2020-06-16 22:04:17,009 [INFO] MxPackages:628 - 
2020-06-16 22:04:17,010 [INFO] MxPackages:594 - 
2020-06-16 22:04:17,010 [INFO] MxPackages:594 - 
2020-06-16 22:04:17,010 [INFO] MxPackages:628 - 
2020-06-16 22:04:17,011 [INFO] MxPackages:594 - 
2020-06-16 22:04:17,011 [INFO] MxPackages:594 - 
2020-06-16 22:04:17,011 [INFO] MxPackages:628 - 
2020-06-16 22:04:17,012 [INFO] MxPackages:628 - 
2020-06-16 22:04:17,012 [INFO] MxPackages:628 - 
2020-06-16 22:04:17,012 [INFO] MxPackages:628 - 
2020-06-16 22:04:17,012 [INFO] MxPackages:628 - 
2020-06-16 22:04:17,013 [INFO] MxPackages:628 - 
2020-06-16 22:04:17,013 [INFO] MxPackages:628 - 
2020-06-16 22:04:17,013 [INFO] MxPackages:628 - 
2020-06-16 22:04:17,013 [INFO] MxPackages:628 - 
2020-06-16 22:04:17,013 [INFO] MxPackages:628 - 
2020-06-16 22:04:17,014 [INFO] MxPackages:628 - 
2020-06-16 22:04:17,014 [INFO] MxPackages:628 - 
2020-06-16 22:04:17,014 [INFO] MxPackages:628 - 
2020-06-16 22:04:17,014 [INFO] MxPackages:628 - 
2020-06-16 22:04:17,015 [INFO] MxPackages:628 - 
2020-06-16 22:04:17,015 [INFO] MxPackages:628 - 
2020-06-16 22:04:17,015 [INFO] MxPackages:628 - 
2020-06-16 22:04:17,015 [INFO] MxPackages:628 - 
2020-06-16 22:04:17,015 [INFO] MxPackages:628 - 
2020-06-16 22:04:17,016 [INFO] MxPackages:594 - 
2020-06-16 22:04:17,017 [INFO] MxPackages:594 - 
2020-06-16 22:04:17,017 [INFO] MxPackages:628 - 
2020-06-16 22:04:17,017 [INFO] MxPackages:594 - 
2020-06-16 22:04:17,017 [INFO] MxPackages:594 - 
2020-06-16 22:04:17,018 [INFO] MxPackages:628 - 
2020-06-16 22:04:17,018 [INFO] MxPackages:594 - 
2020-06-16 22:04:17,018 [INFO] MxPackages:594 - 
2020-06-16 22:04:17,018 [INFO] MxPackages:628 - 
2020-06-16 22:04:17,018 [INFO] MxPackages:628 - 
2020-06-16 22:04:17,019 [INFO] MxPackages:628 - 
2020-06-16 22:04:17,019 [INFO] MxPackages:628 - 
2020-06-16 22:04:17,019 [INFO] MxPackages:628 - 
2020-06-16 22:04:17,019 [INFO] MxPackages:628 - 
2020-06-16 22:04:17,020 [INFO] MxPackages:628 - 
2020-06-16 22:04:17,024 [INFO] MxPackages:628 - 
2020-06-16 22:04:17,024 [INFO] MxPackages:628 - 
2020-06-16 22:04:17,024 [INFO] MxPackages:628 - 
2020-06-16 22:04:17,024 [INFO] MxPackages:628 - 
2020-06-16 22:04:17,025 [INFO] MxPackages:628 - 
2020-06-16 22:04:17,025 [INFO] MxPackages:628 - 
2020-06-16 22:04:17,025 [INFO] MxPackages:628 - 
2020-06-16 22:04:17,025 [INFO] MxPackages:628 - 
2020-06-16 22:04:17,025 [INFO] MxPackages:628 - 
2020-06-16 22:04:17,025 [INFO] MxPackages:628 - 
2020-06-16 22:04:17,026 [INFO] MxPackages:628 - 
2020-06-16 22:04:17,026 [INFO] MxPackages:628 - 
2020-06-16 22:04:17,026 [INFO] MxPackages:628 - 
2020-06-16 22:04:17,027 [INFO] MxPackages:628 - 
2020-06-16 22:04:17,027 [INFO] MxPackages:628 - 
2020-06-16 22:04:17,027 [INFO] MxPackages:628 - 
2020-06-16 22:04:17,027 [INFO] MxPackages:628 - 
2020-06-16 22:04:17,027 [INFO] MxPackages:628 - 
2020-06-16 22:04:17,027 [INFO] MxPackages:628 - 
2020-06-16 22:04:17,028 [INFO] MxPackages:628 - 
2020-06-16 22:04:17,028 [INFO] MxPackages:628 - 
2020-06-16 22:04:17,028 [INFO] MxPackages:628 - 
2020-06-16 22:04:17,028 [INFO] MxPackages:628 - 
2020-06-16 22:04:17,028 [INFO] MxPackages:628 - 
2020-06-16 22:04:17,029 [INFO] MxPackages:628 - 
2020-06-16 22:04:17,029 [INFO] MxPackages:628 - 
2020-06-16 22:04:17,029 [INFO] MxPackages:628 - 
2020-06-16 22:04:17,029 [INFO] MxPackages:628 - 
2020-06-16 22:04:17,029 [INFO] MxPackages:628 - 
2020-06-16 22:04:17,029 [INFO] MxPackages:628 - 
2020-06-16 22:04:17,030 [INFO] MxPackages:594 - 
2020-06-16 22:04:17,031 [INFO] MxPackages:594 - 
2020-06-16 22:04:17,031 [INFO] MxPackages:628 - 
2020-06-16 22:04:17,031 [INFO] MxPackages:594 - 
2020-06-16 22:04:17,032 [INFO] MxPackages:594 - 
2020-06-16 22:04:17,032 [INFO] MxPackages:628 - 
2020-06-16 22:04:17,032 [INFO] MxPackages:594 - 
2020-06-16 22:04:17,032 [INFO] MxPackages:594 - 
2020-06-16 22:04:17,032 [INFO] MxPackages:628 - 
2020-06-16 22:04:17,033 [INFO] MxPackages:628 - 
2020-06-16 22:04:17,033 [INFO] MxPackages:628 - 
2020-06-16 22:04:17,033 [INFO] MxPackages:628 - 
2020-06-16 22:04:17,033 [INFO] MxPackages:628 - 
2020-06-16 22:04:17,033 [INFO] MxPackages:628 - 
2020-06-16 22:04:17,034 [INFO] MxPackages:628 - 
2020-06-16 22:04:17,034 [INFO] MxPackages:628 - 
2020-06-16 22:04:17,034 [INFO] MxPackages:628 - 
2020-06-16 22:04:17,034 [INFO] MxPackages:628 - 
2020-06-16 22:04:17,034 [INFO] MxPackages:628 - 
2020-06-16 22:04:17,035 [INFO] MxPackages:628 - 
2020-06-16 22:04:17,035 [INFO] MxPackages:628 - 
2020-06-16 22:04:17,035 [INFO] MxPackages:628 - 
2020-06-16 22:04:17,035 [INFO] MxPackages:628 - 
2020-06-16 22:04:17,036 [INFO] MxPackages:628 - 
2020-06-16 22:04:17,036 [INFO] MxPackages:628 - 
2020-06-16 22:04:17,036 [INFO] MxPackages:628 - 
2020-06-16 22:04:17,036 [INFO] MxPackages:628 - 
2020-06-16 22:04:17,038 [INFO] MxPackages:594 - 
2020-06-16 22:04:17,039 [INFO] MxPackages:594 - 
2020-06-16 22:04:17,039 [INFO] MxPackages:628 - 
2020-06-16 22:04:17,040 [INFO] MxPackages:594 - 
2020-06-16 22:04:17,040 [INFO] MxPackages:594 - 
2020-06-16 22:04:17,040 [INFO] MxPackages:628 - 
2020-06-16 22:04:17,041 [INFO] MxPackages:594 - 
2020-06-16 22:04:17,041 [INFO] MxPackages:594 - 
2020-06-16 22:04:17,041 [INFO] MxPackages:628 - 
2020-06-16 22:04:17,041 [INFO] MxPackages:628 - 
2020-06-16 22:04:17,041 [INFO] MxPackages:628 - 
2020-06-16 22:04:17,042 [INFO] MxPackages:628 - 
2020-06-16 22:04:17,042 [INFO] MxPackages:628 - 
2020-06-16 22:04:17,042 [INFO] MxPackages:628 - 
2020-06-16 22:04:17,042 [INFO] MxPackages:628 - 
2020-06-16 22:04:17,042 [INFO] MxPackages:628 - 
2020-06-16 22:04:17,043 [INFO] MxPackages:628 - 
2020-06-16 22:04:17,043 [INFO] MxPackages:628 - 
2020-06-16 22:04:17,043 [INFO] MxPackages:628 - 
2020-06-16 22:04:17,043 [INFO] MxPackages:628 - 
2020-06-16 22:04:17,043 [INFO] MxPackages:628 - 
2020-06-16 22:04:17,043 [INFO] MxPackages:628 - 
2020-06-16 22:04:17,043 [INFO] MxPackages:628 - 
2020-06-16 22:04:17,044 [INFO] MxPackages:628 - 
2020-06-16 22:04:17,044 [INFO] MxPackages:628 - 
2020-06-16 22:04:17,044 [INFO] MxPackages:628 - 
2020-06-16 22:04:17,044 [INFO] MxPackages:628 - 
2020-06-16 22:04:17,045 [INFO] MxPackages:628 - 
2020-06-16 22:04:17,045 [INFO] MxPackages:628 - 
2020-06-16 22:04:17,045 [INFO] MxPackages:628 - 
2020-06-16 22:04:17,045 [INFO] MxPackages:628 - 
2020-06-16 22:04:17,046 [INFO] MxPackages:628 - 
2020-06-16 22:04:17,046 [INFO] MxPackages:628 - 
2020-06-16 22:04:17,046 [INFO] MxPackages:628 - 
2020-06-16 22:04:17,046 [INFO] MxPackages:628 - 
2020-06-16 22:04:17,047 [INFO] MxPackages:628 - 
2020-06-16 22:04:17,048 [INFO] MxPackages:628 - 
2020-06-16 22:04:17,048 [INFO] MxPackages:628 - 
2020-06-16 22:04:17,048 [INFO] MxPackages:628 - 
2020-06-16 22:04:17,048 [INFO] MxPackages:628 - 
2020-06-16 22:04:17,048 [INFO] MxPackages:628 - 
2020-06-16 22:04:17,048 [INFO] MxPackages:628 - 
2020-06-16 22:04:17,049 [INFO] MxPackages:628 - 
2020-06-16 22:04:17,049 [INFO] MxPackages:628 - 
2020-06-16 22:04:17,049 [INFO] MxPackages:628 - 
2020-06-16 22:04:17,050 [INFO] MxPackages:628 - 
2020-06-16 22:04:17,051 [INFO] MxPackages:628 - 
2020-06-16 22:04:17,051 [INFO] MxPackages:628 - 
2020-06-16 22:04:17,051 [INFO] MxPackages:628 - 
2020-06-16 22:04:17,051 [INFO] MxPackages:628 - 
2020-06-16 22:04:17,051 [INFO] MxPackages:628 - 
2020-06-16 22:04:17,052 [INFO] MxPackages:628 - 
2020-06-16 22:04:17,052 [INFO] MxPackages:628 - 
2020-06-16 22:04:17,052 [INFO] MxPackages:628 - 
2020-06-16 22:04:17,052 [INFO] MxPackages:628 - 
2020-06-16 22:04:17,053 [INFO] MxPackages:628 - 
2020-06-16 22:04:17,054 [INFO] MxPackages:628 - 
2020-06-16 22:04:17,055 [INFO] MxPackages:628 - 
2020-06-16 22:04:17,055 [INFO] MxPackages:628 - 
2020-06-16 22:04:17,055 [INFO] MxPackages:628 - 
2020-06-16 22:04:17,056 [INFO] MxPackages:628 - 
2020-06-16 22:04:17,056 [INFO] MxPackages:628 - 
2020-06-16 22:04:17,056 [INFO] MxPackages:628 - 
2020-06-16 22:04:17,057 [INFO] MxPackages:594 - 
2020-06-16 22:04:17,057 [INFO] MxPackages:594 - 
2020-06-16 22:04:17,057 [INFO] MxPackages:628 - 
2020-06-16 22:04:17,057 [INFO] MxPackages:594 - 
2020-06-16 22:04:17,058 [INFO] MxPackages:594 - 
2020-06-16 22:04:17,058 [INFO] MxPackages:628 - 
2020-06-16 22:04:17,058 [INFO] MxPackages:594 - 
2020-06-16 22:04:17,058 [INFO] MxPackages:594 - 
2020-06-16 22:04:17,058 [INFO] MxPackages:628 - 
2020-06-16 22:04:17,059 [INFO] MxPackages:628 - 
2020-06-16 22:04:17,059 [INFO] MxPackages:628 - 
2020-06-16 22:04:17,059 [INFO] MxPackages:628 - 
2020-06-16 22:04:17,059 [INFO] MxPackages:628 - 
2020-06-16 22:04:17,059 [INFO] MxPackages:628 - 
2020-06-16 22:04:17,060 [INFO] MxPackages:628 - 
2020-06-16 22:04:17,060 [INFO] MxPackages:628 - 
2020-06-16 22:04:17,060 [INFO] MxPackages:628 - 
2020-06-16 22:04:17,061 [INFO] MxPackages:628 - 
2020-06-16 22:04:17,061 [INFO] MxPackages:628 - 
2020-06-16 22:04:17,061 [INFO] MxPackages:628 - 
2020-06-16 22:04:17,061 [INFO] MxPackages:628 - 
2020-06-16 22:04:17,061 [INFO] MxPackages:628 - 
2020-06-16 22:04:17,061 [INFO] MxPackages:628 - 
2020-06-16 22:04:17,062 [INFO] MxPackages:628 - 
2020-06-16 22:04:17,062 [INFO] MxPackages:628 - 
2020-06-16 22:04:17,062 [INFO] MxPackages:628 - 
2020-06-16 22:04:17,062 [INFO] MxPackages:628 - 
2020-06-16 22:04:17,063 [INFO] MxPackages:628 - 
2020-06-16 22:04:17,063 [INFO] MxPackages:628 - 
2020-06-16 22:04:17,064 [INFO] MxPackages:628 - 
2020-06-16 22:04:17,064 [INFO] MxPackages:628 - 
2020-06-16 22:04:17,064 [INFO] MxPackages:628 - 
2020-06-16 22:04:17,064 [INFO] MxPackages:628 - 
2020-06-16 22:04:17,064 [INFO] MxPackages:628 - 
2020-06-16 22:04:17,065 [INFO] MxPackages:628 - 
2020-06-16 22:04:17,065 [INFO] MxPackages:628 - 
2020-06-16 22:04:17,065 [INFO] MxPackages:628 - 
2020-06-16 22:04:17,065 [INFO] MxPackages:628 - 
2020-06-16 22:04:17,065 [INFO] MxPackages:628 - 
2020-06-16 22:04:17,065 [INFO] MxPackages:628 - 
2020-06-16 22:04:17,066 [INFO] MxPackages:628 - 
2020-06-16 22:04:17,066 [INFO] MxPackages:628 - 
2020-06-16 22:04:17,066 [INFO] MxPackages:628 - 
2020-06-16 22:04:17,066 [INFO] MxPackages:628 - 
2020-06-16 22:04:17,066 [INFO] MxPackages:628 - 
2020-06-16 22:04:17,067 [INFO] MxPackages:628 - 
2020-06-16 22:04:17,067 [INFO] MxPackages:628 - 
2020-06-16 22:04:17,068 [INFO] MxPackages:628 - 
2020-06-16 22:04:17,068 [INFO] MxPackages:628 - 
2020-06-16 22:04:17,068 [INFO] MxPackages:628 - 
2020-06-16 22:04:17,068 [INFO] MxPackages:628 - 
2020-06-16 22:04:17,068 [INFO] MxPackages:628 - 
2020-06-16 22:04:17,069 [INFO] MxPackages:628 - 
2020-06-16 22:04:17,069 [INFO] MxPackages:628 - 
2020-06-16 22:04:17,069 [INFO] MxPackages:628 - 
2020-06-16 22:04:17,069 [INFO] MxPackages:628 - 
2020-06-16 22:04:17,069 [INFO] MxPackages:628 - 
2020-06-16 22:04:17,070 [INFO] MxPackages:628 - 
2020-06-16 22:04:17,072 [INFO] MxPackages:628 - 
2020-06-16 22:04:17,072 [INFO] MxPackages:628 - 
2020-06-16 22:04:17,072 [INFO] MxPackages:628 - 
2020-06-16 22:04:17,072 [INFO] MxPackages:628 - 
2020-06-16 22:04:17,072 [INFO] MxPackages:628 - 
2020-06-16 22:04:17,073 [INFO] MxPackages:628 - 
2020-06-16 22:04:17,073 [INFO] MxPackages:628 - 
2020-06-16 22:04:17,073 [INFO] MxPackages:628 - 
2020-06-16 22:04:17,073 [INFO] MxPackages:628 - 
2020-06-16 22:04:17,074 [INFO] MxPackages:628 - 
2020-06-16 22:04:17,074 [INFO] MxPackages:628 - 
2020-06-16 22:04:17,074 [INFO] MxPackages:628 - 
2020-06-16 22:04:17,074 [INFO] MxPackages:628 - 
2020-06-16 22:04:17,074 [INFO] MxPackages:628 - 
2020-06-16 22:04:17,074 [INFO] MxPackages:628 - 
2020-06-16 22:04:17,075 [INFO] MxPackages:628 - 
2020-06-16 22:04:17,075 [INFO] MxPackages:628 - 
2020-06-16 22:04:17,075 [INFO] MxPackages:628 - 
2020-06-16 22:04:17,075 [INFO] MxPackages:628 - 
2020-06-16 22:04:17,075 [INFO] MxPackages:628 - 
2020-06-16 22:04:17,076 [INFO] MxPackages:628 - 
2020-06-16 22:04:17,076 [INFO] MxPackages:628 - 
2020-06-16 22:04:17,076 [INFO] MxPackages:628 - 
2020-06-16 22:04:17,424 [INFO] PopulateThirdPartyThread:82 - Ending populate Thread
2020-06-16 22:04:17,438 [INFO] ThirdPartyDb:264 - Close Third Party DataBase File (C:/Users/Daniel/.stm32cubemx/plugins/thirdparty/db/thirdparties_db.xml)
2020-06-16 22:04:17,613 [INFO] MicroXplorer:390 - Change Database Path : 
2020-06-16 22:04:17,614 [INFO] MicroXplorer:420 - Change Database Version : DB.5.0.40
2020-06-16 22:04:17,621 [INFO] PinOutPanel:1367 - setPackage(No Configuration,No Configuration)
2020-06-16 22:04:17,622 [INFO] UtilMem:74 - Begin LoadConfig() Used Memory: 280552024 Bytes (625999872)
2020-06-16 22:04:17,624 [INFO] MicroXplorer:390 - Change Database Path : 
2020-06-16 22:04:17,625 [INFO] MicroXplorer:420 - Change Database Version : DB.5.0.40
2020-06-16 22:04:17,625 [INFO] OpenFileManager:269 - Change cursor
2020-06-16 22:04:17,748 [INFO] ThirdPartyDb:294 - Open Third Party DataBase File (C:/Users/Daniel/.stm32cubemx/plugins/thirdparty/db/thirdparties_db.xml) : 40 ms. number of Sw pack : 17
2020-06-16 22:04:17,773 [INFO] Engine:437 - softwarePackList size : 17
2020-06-16 22:04:17,788 [INFO] Engine:449 - compute dependency for SwPack X-CUBE-AI have been done, and update is requested
2020-06-16 22:04:17,818 [INFO] Engine:449 - compute dependency for SwPack X-CUBE-BLE1 have been done, and update is requested
2020-06-16 22:04:17,848 [INFO] Engine:449 - compute dependency for SwPack X-CUBE-BLE2 have been done, and update is requested
2020-06-16 22:04:17,878 [INFO] Engine:449 - compute dependency for SwPack X-CUBE-GNSS1 have been done, and update is requested
2020-06-16 22:04:18,753 [INFO] Engine:449 - compute dependency for SwPack X-CUBE-MEMS1 have been done, and update is requested
2020-06-16 22:04:18,780 [INFO] Engine:449 - compute dependency for SwPack X-CUBE-NFC4 have been done, and update is requested
2020-06-16 22:04:18,801 [INFO] Engine:449 - compute dependency for SwPack X-CUBE-SUBG2 have been done, and update is requested
2020-06-16 22:04:18,819 [INFO] Engine:453 - compute dependency for SwPack X-CUBE-TOUCHGFX have been done, no update is requested
2020-06-16 22:04:18,905 [INFO] Engine:449 - compute dependency for SwPack CMSIS have been done, and update is requested
2020-06-16 22:04:18,929 [INFO] Engine:449 - compute dependency for SwPack X-CUBE-BLE1 have been done, and update is requested
2020-06-16 22:04:18,955 [INFO] Engine:449 - compute dependency for SwPack X-CUBE-GNSS1 have been done, and update is requested
2020-06-16 22:04:18,991 [INFO] Engine:449 - compute dependency for SwPack X-CUBE-NFC4 have been done, and update is requested
2020-06-16 22:04:19,029 [INFO] Engine:449 - compute dependency for SwPack X-CUBE-SUBG2 have been done, and update is requested
2020-06-16 22:04:19,054 [INFO] Engine:449 - compute dependency for SwPack X-CUBE-ALGOBUILD have been done, and update is requested
2020-06-16 22:04:19,855 [INFO] Engine:449 - compute dependency for SwPack X-CUBE-MEMS1 have been done, and update is requested
2020-06-16 22:04:19,879 [INFO] Engine:449 - compute dependency for SwPack X-CUBE-AI have been done, and update is requested
2020-06-16 22:04:20,719 [INFO] Engine:449 - compute dependency for SwPack X-CUBE-MEMS1 have been done, and update is requested
2020-06-16 22:04:20,737 [INFO] ThirdPartyDb:264 - Close Third Party DataBase File (C:/Users/Daniel/.stm32cubemx/plugins/thirdparty/db/thirdparties_db.xml)
2020-06-16 22:04:20,827 [INFO] ThirdPartyDb:294 - Open Third Party DataBase File (C:/Users/Daniel/.stm32cubemx/plugins/thirdparty/db/thirdparties_db.xml) : 19 ms. number of Sw pack : 17
2020-06-16 22:04:20,830 [ERROR] LogOutputStream:74 - [STDERR_REDIRECT] Exception in thread "Thread-23" java.lang.NullPointerException
2020-06-16 22:04:20,839 [ERROR] LogOutputStream:74 - [STDERR_REDIRECT] 	at com.st.microxplorer.plugins.thirdparty.ThirdParty.propertyChange(ThirdParty.java:693)
2020-06-16 22:04:20,845 [ERROR] LogOutputStream:74 - [STDERR_REDIRECT] 	at java.beans.PropertyChangeSupport.fire(PropertyChangeSupport.java:335)
2020-06-16 22:04:20,850 [ERROR] LogOutputStream:74 - [STDERR_REDIRECT] 	at java.beans.PropertyChangeSupport.firePropertyChange(PropertyChangeSupport.java:327)
2020-06-16 22:04:20,859 [ERROR] LogOutputStream:74 - [STDERR_REDIRECT] 	at java.beans.PropertyChangeSupport.firePropertyChange(PropertyChangeSupport.java:263)
2020-06-16 22:04:20,865 [ERROR] LogOutputStream:74 - [STDERR_REDIRECT] 	at com.st.microxplorer.plugins.thirdparty.engine.Engine.propertyChange(Engine.java:1037)
2020-06-16 22:04:20,870 [ERROR] LogOutputStream:74 - [STDERR_REDIRECT] 	at java.beans.PropertyChangeSupport.fire(PropertyChangeSupport.java:335)
2020-06-16 22:04:20,876 [ERROR] LogOutputStream:74 - [STDERR_REDIRECT] 	at java.beans.PropertyChangeSupport.firePropertyChange(PropertyChangeSupport.java:327)
2020-06-16 22:04:20,882 [ERROR] LogOutputStream:74 - [STDERR_REDIRECT] 	at java.beans.PropertyChangeSupport.firePropertyChange(PropertyChangeSupport.java:263)
2020-06-16 22:04:20,886 [ERROR] LogOutputStream:74 - [STDERR_REDIRECT] 	at com.st.microxplorer.plugins.thirdparty.engine.PopulateThirdPartyThread.run(PopulateThirdPartyThread.java:91)
2020-06-16 22:04:27,064 [INFO] ImportTextPane:162 - (OptionalMessage_ERROR) IP (RCC) : Invalid parameter (FamilyName)
2020-06-16 22:04:27,068 [INFO] ImportTextPane:162 - (OptionalMessage_ERROR) IP (RCC) : Invalid parameter (PLLM)
2020-06-16 22:04:27,068 [INFO] ImportTextPane:162 - (OptionalMessage_ERROR) IP (RCC) : Invalid parameter (PLLN)
2020-06-16 22:04:27,068 [INFO] ImportTextPane:162 - (OptionalMessage_ERROR) IP (RCC) : Invalid parameter (PLLP)
2020-06-16 22:04:27,069 [INFO] ImportTextPane:162 - (OptionalMessage_ERROR) IP (RCC) : Invalid parameter (PLLQ)
2020-06-16 22:04:27,069 [INFO] ImportTextPane:162 - (OptionalMessage_ERROR) IP (RCC) : Invalid parameter (RCC_PLLsource_Clock_Source_FROM_HSE)
2020-06-16 22:04:27,070 [INFO] ImportTextPane:162 - (OptionalMessage_ERROR) IP (RCC) : Parameter (USBFreq_Value) has invalid value (72000000)
2020-06-16 22:04:28,123 [INFO] UtilMem:74 - End LoadConfig() Used Memory: 406229520 Bytes (625999872)
2020-06-16 22:04:28,340 [INFO] ThirdParty:897 - CMSIS Pack Vendor :STMicroelectronics X-CUBE-AI 5.0.0
2020-06-16 22:04:28,340 [INFO] ThirdParty:897 - CMSIS Pack Vendor :STMicroelectronics X-CUBE-BLE1 4.4.0
2020-06-16 22:04:28,341 [INFO] ThirdParty:897 - CMSIS Pack Vendor :STMicroelectronics X-CUBE-BLE2 1.0.0
2020-06-16 22:04:28,341 [INFO] ThirdParty:897 - CMSIS Pack Vendor :STMicroelectronics X-CUBE-GNSS1 4.0.0
2020-06-16 22:04:28,341 [INFO] ThirdParty:897 - CMSIS Pack Vendor :STMicroelectronics X-CUBE-MEMS1 7.0.0
2020-06-16 22:04:28,341 [INFO] ThirdParty:897 - CMSIS Pack Vendor :STMicroelectronics X-CUBE-NFC4 1.5.1
2020-06-16 22:04:28,341 [INFO] ThirdParty:897 - CMSIS Pack Vendor :STMicroelectronics X-CUBE-SUBG2 1.0.0
2020-06-16 22:04:28,342 [INFO] ThirdParty:897 - CMSIS Pack Vendor :STMicroelectronics X-CUBE-TOUCHGFX 4.13.0
2020-06-16 22:04:28,342 [INFO] ThirdParty:897 - CMSIS Pack Vendor :ARM CMSIS 5.6.0
2020-06-16 22:04:28,342 [INFO] ThirdParty:897 - CMSIS Pack Vendor :STMicroelectronics X-CUBE-BLE1 5.0.0
2020-06-16 22:04:28,342 [INFO] ThirdParty:897 - CMSIS Pack Vendor :STMicroelectronics X-CUBE-GNSS1 4.1.0
2020-06-16 22:04:28,343 [INFO] ThirdParty:897 - CMSIS Pack Vendor :STMicroelectronics X-CUBE-NFC4 1.5.2
2020-06-16 22:04:28,343 [INFO] ThirdParty:897 - CMSIS Pack Vendor :STMicroelectronics X-CUBE-SUBG2 1.1.0
2020-06-16 22:04:28,343 [INFO] ThirdParty:897 - CMSIS Pack Vendor :STMicroelectronics X-CUBE-ALGOBUILD 1.0.0
2020-06-16 22:04:28,343 [INFO] ThirdParty:897 - CMSIS Pack Vendor :STMicroelectronics X-CUBE-MEMS1 7.1.0
2020-06-16 22:04:28,344 [INFO] ThirdParty:897 - CMSIS Pack Vendor :STMicroelectronics X-CUBE-AI 5.1.1
2020-06-16 22:04:28,344 [INFO] ThirdParty:897 - CMSIS Pack Vendor :STMicroelectronics X-CUBE-MEMS1 7.2.0
2020-06-16 22:04:29,206 [INFO] PinOutPanel:1367 - setPackage(No Configuration,No Configuration)
2020-06-16 22:04:29,209 [INFO] PinOutPanel:1367 - setPackage(STM32F303RETx,LQFP64)
2020-06-16 22:04:30,667 [INFO] UtilMem:74 - Before build in PCC Used Memory: 267303048 Bytes (625999872)
2020-06-16 22:04:31,352 [INFO] SharedServices:71 - Folder for power plug-in: C:/Users/Daniel/.stm32cubemx/plugins/power
2020-06-16 22:04:31,354 [INFO] UtilMem:74 - After build in PCC Used Memory: 281983112 Bytes (625999872)
2020-06-16 22:04:31,378 [INFO] BlockDiagram:1827 - stop enableDisableButtons
2020-06-16 22:04:31,379 [INFO] IPUIPlugin:63 - create IPUIPlugin
2020-06-16 22:04:31,379 [INFO] IPUIPlugin:63 - create IPUIPlugin
2020-06-16 22:04:31,379 [INFO] IPUIPlugin:63 - create IPUIPlugin
2020-06-16 22:04:31,380 [INFO] IPUIPlugin:63 - create IPUIPlugin
2020-06-16 22:04:31,381 [INFO] IPUIPlugin:63 - create IPUIPlugin
2020-06-16 22:04:31,381 [INFO] IPUIPlugin:63 - create IPUIPlugin
2020-06-16 22:04:31,381 [INFO] IPUIPlugin:63 - create IPUIPlugin
2020-06-16 22:04:31,382 [INFO] IPUIPlugin:63 - create IPUIPlugin
2020-06-16 22:04:31,382 [INFO] IPUIPlugin:63 - create IPUIPlugin
2020-06-16 22:04:31,383 [INFO] IPUIPlugin:63 - create IPUIPlugin
2020-06-16 22:04:31,383 [INFO] IPUIPlugin:63 - create IPUIPlugin
2020-06-16 22:04:31,383 [INFO] IPUIPlugin:63 - create IPUIPlugin
2020-06-16 22:04:31,384 [INFO] IPUIPlugin:63 - create IPUIPlugin
2020-06-16 22:04:31,384 [INFO] IPUIPlugin:63 - create IPUIPlugin
2020-06-16 22:04:31,384 [INFO] IPUIPlugin:63 - create IPUIPlugin
2020-06-16 22:04:31,385 [INFO] IPUIPlugin:63 - create IPUIPlugin
2020-06-16 22:04:31,385 [INFO] IPUIPlugin:63 - create IPUIPlugin
2020-06-16 22:04:31,385 [INFO] IPUIPlugin:63 - create IPUIPlugin
2020-06-16 22:04:31,386 [INFO] IPUIPlugin:63 - create IPUIPlugin
2020-06-16 22:04:31,386 [INFO] IPUIPlugin:63 - create IPUIPlugin
2020-06-16 22:04:31,386 [INFO] IPUIPlugin:63 - create IPUIPlugin
2020-06-16 22:04:31,387 [INFO] IPUIPlugin:63 - create IPUIPlugin
2020-06-16 22:04:31,387 [INFO] IPUIPlugin:63 - create IPUIPlugin
2020-06-16 22:04:31,387 [INFO] IPUIPlugin:63 - create IPUIPlugin
2020-06-16 22:04:31,388 [INFO] IPUIPlugin:63 - create IPUIPlugin
2020-06-16 22:04:31,388 [INFO] IPUIPlugin:63 - create IPUIPlugin
2020-06-16 22:04:31,389 [INFO] IPUIPlugin:63 - create IPUIPlugin
2020-06-16 22:04:31,389 [INFO] IPUIPlugin:63 - create IPUIPlugin
2020-06-16 22:04:31,389 [INFO] IPUIPlugin:63 - create IPUIPlugin
2020-06-16 22:04:31,390 [INFO] IPUIPlugin:63 - create IPUIPlugin
2020-06-16 22:04:31,392 [INFO] IPUIPlugin:63 - create IPUIPlugin
2020-06-16 22:04:31,392 [INFO] IPUIPlugin:63 - create IPUIPlugin
2020-06-16 22:04:31,393 [INFO] IPUIPlugin:63 - create IPUIPlugin
2020-06-16 22:04:31,393 [INFO] IPUIPlugin:63 - create IPUIPlugin
2020-06-16 22:04:31,393 [INFO] IPUIPlugin:63 - create IPUIPlugin
2020-06-16 22:04:31,394 [INFO] IPUIPlugin:63 - create IPUIPlugin
2020-06-16 22:04:31,394 [INFO] IPUIPlugin:63 - create IPUIPlugin
2020-06-16 22:04:31,395 [INFO] IPUIPlugin:63 - create IPUIPlugin
2020-06-16 22:04:31,395 [INFO] IPUIPlugin:63 - create IPUIPlugin
2020-06-16 22:04:31,396 [INFO] IPUIPlugin:63 - create IPUIPlugin
2020-06-16 22:04:31,396 [INFO] IPUIPlugin:63 - create IPUIPlugin
2020-06-16 22:04:31,396 [INFO] IPUIPlugin:63 - create IPUIPlugin
2020-06-16 22:04:31,397 [INFO] IPUIPlugin:63 - create IPUIPlugin
2020-06-16 22:04:31,397 [INFO] IPUIPlugin:63 - create IPUIPlugin
2020-06-16 22:04:31,398 [INFO] IPUIPlugin:63 - create IPUIPlugin
2020-06-16 22:04:31,398 [INFO] IPUIPlugin:63 - create IPUIPlugin
2020-06-16 22:04:31,399 [INFO] IPUIPlugin:63 - create IPUIPlugin
2020-06-16 22:04:31,399 [INFO] IPUIPlugin:63 - create IPUIPlugin
2020-06-16 22:04:31,400 [INFO] IPUIPlugin:63 - create IPUIPlugin
2020-06-16 22:04:31,400 [INFO] IPUIPlugin:63 - create IPUIPlugin
2020-06-16 22:04:31,401 [INFO] IPUIPlugin:63 - create IPUIPlugin
2020-06-16 22:04:31,401 [INFO] IPUIPlugin:63 - create IPUIPlugin
2020-06-16 22:04:31,402 [INFO] IPUIPlugin:63 - create IPUIPlugin
2020-06-16 22:04:31,402 [INFO] IPUIPlugin:63 - create IPUIPlugin
2020-06-16 22:04:31,402 [INFO] IPUIPlugin:63 - create IPUIPlugin
2020-06-16 22:04:31,403 [INFO] IPUIPlugin:63 - create IPUIPlugin
2020-06-16 22:04:31,432 [INFO] Can:56 - Can Add PropertyChangeListener com.st.microxplorer.plugins.ip.can.Can@6dca7ef9
2020-06-16 22:04:31,447 [INFO] BlockDiagram:1827 - stop enableDisableButtons
2020-06-16 22:04:31,484 [INFO] LogOutputStream:76 - [STDOUT_REDIRECT] toolchainItems.length=====1
2020-06-16 22:04:31,656 [INFO] OpenFileManager:289 - Restore cursor
2020-06-16 22:04:31,662 [INFO] DbMcusXml:106 - Load MCU database from E:\STM32CubeIDE\STM32CubeIDE_1.1.0\STM32CubeIDE\plugins\com.st.stm32cube.common.mx_5.4.0.201910091541\\db\/mcu/families.xml
2020-06-16 22:04:32,022 [INFO] BlockDiagram:1827 - stop enableDisableButtons
2020-06-16 22:04:32,125 [INFO] BlockDiagram:1827 - stop enableDisableButtons
2020-06-16 22:04:33,688 [INFO] DbMcusJson:87 - JSON generation date=Mon Apr 06 17:04:59 CEST 2020 (1586185499)
2020-06-16 22:04:36,661 [INFO] DbMcus:193 - Found 1544 MCUs (1504 are supported by CubeMX, 1504 are visible in CubeMX)
2020-06-16 22:04:36,661 [INFO] ApiDb:147 - User favorites file not found: C:\Users\Daniel/.stm32cubemx/favorites.mcus.txt
2020-06-16 22:04:36,661 [INFO] DbMcus:204 - Set 0 / 0 favorites MCUs
2020-06-16 22:04:42,557 [INFO] BlockDiagram:1827 - stop enableDisableButtons
2020-06-17 20:08:11,562 [INFO] Activator:176 - 


2020-06-17 20:08:11,566 [INFO] Activator:177 - !SESSION log4j initialized
2020-06-18 20:49:08,615 [INFO] Activator:176 - 


2020-06-18 20:49:08,620 [INFO] Activator:177 - !SESSION log4j initialized
2020-06-18 20:52:12,870 [INFO] Activator:176 - 


2020-06-18 20:52:12,874 [INFO] Activator:177 - !SESSION log4j initialized
2020-06-18 20:54:23,451 [INFO] Activator:176 - 


2020-06-18 20:54:23,454 [INFO] Activator:177 - !SESSION log4j initialized
2020-06-18 20:56:07,284 [INFO] Activator:176 - 


2020-06-18 20:56:07,287 [INFO] Activator:177 - !SESSION log4j initialized
2020-06-19 15:34:55,177 [INFO] Activator:176 - 


2020-06-19 15:34:55,179 [INFO] Activator:177 - !SESSION log4j initialized
2020-06-19 15:40:58,085 [INFO] Activator:176 - 


2020-06-19 15:40:58,090 [INFO] Activator:177 - !SESSION log4j initialized
